#
# A fatal error has been detected by the Java Runtime Environment:
#
#  EXCEPTION_ACCESS_VIOLATION (0xc0000005) at pc=0x00000000554954a5, pid=127532, tid=0x000000000014ee18
#
# JRE version: OpenJDK Runtime Environment (8.0_112-b06) (build 1.8.0_112-release-b06)
# Java VM: OpenJDK 64-Bit Server VM (25.112-b06 mixed mode windows-amd64 compressed oops)
# Problematic frame:
# V  [jvm.dll+0x4954a5]
#
# Failed to write core dump. Minidumps are not enabled by default on client versions of Windows
#
# If you would like to submit a bug report, please visit:
#   http://bugreport.java.com/bugreport/crash.jsp
#

---------------  T H R E A D  ---------------

Current thread (0x00000000070f9800):  JavaThread "C2 CompilerThread0" daemon [_thread_in_native, id=1371672, stack(0x0000000008710000,0x0000000008810000)]

siginfo: ExceptionCode=0xc0000005, reading address 0x00000000000001b0

Registers:
RAX=0x0000000000000001, RBX=0x000000000a748720, RCX=0x0000000000000001, RDX=0x000000000a748720
RSP=0x000000000880b160, RBP=0x000000000880b260, RSI=0x0000000000000000, RDI=0x000000000880e610
R8 =0x000000000d3bdb48, R9 =0x000000000880b210, R10=0x000000000000000c, R11=0x0000000000000008
R12=0x0000000000000008, R13=0x000000000d3c4280, R14=0x0000000000000001, R15=0x000000000880ba80
RIP=0x00000000554954a5, EFLAGS=0x0000000000010246

Top of Stack: (sp=0x000000000880b160)
0x000000000880b160:   000000000880ba80 0000000000000000
0x000000000880b170:   000000000d3c41d0 0000000000000000
0x000000000880b180:   000000000880b250 000000000880b1b8
0x000000000880b190:   0000000000000001 0000000000000000
0x000000000880b1a0:   0000000022a364e8 00000000554fb7e2
0x000000000880b1b0:   000000001fe117d0 00000000070b7370
0x000000000880b1c0:   0000000000000004 000000001f70b810
0x000000000880b1d0:   0000000000000000 000000000d3c0a38
0x000000000880b1e0:   000000000000010c 0000000055634a28
0x000000000880b1f0:   00000000070b7370 0000000000000200
0x000000000880b200:   000000001f70b850 000000000d3c4280
0x000000000880b210:   0000000055634a28 00000000070b7370
0x000000000880b220:   0000000000000200 000000001f70c050
0x000000000880b230:   00000000070b7370 0000000000000010
0x000000000880b240:   000000001f70d200 0000000000000008
0x000000000880b250:   00000000070b7370 0000000000000004 

Instructions: (pc=0x00000000554954a5)
0x0000000055495485:   bc 24 40 01 00 00 48 81 c4 58 01 00 00 41 5f 41
0x0000000055495495:   5e 41 5c 5d c3 4c 8b bd 80 00 00 00 49 8b 7f 10
0x00000000554954a5:   48 83 be b0 01 00 00 c7 76 18 4c 8d 05 3a bf 18
0x00000000554954b5:   00 48 8d 8f 98 01 00 00 ba 38 00 00 00 e8 59 24 


Register to memory mapping:

RAX=0x0000000000000001 is an unknown value
RBX=0x000000000a748720 is an unknown value
RCX=0x0000000000000001 is an unknown value
RDX=0x000000000a748720 is an unknown value
RSP=0x000000000880b160 is pointing into the stack for thread: 0x00000000070f9800
RBP=0x000000000880b260 is pointing into the stack for thread: 0x00000000070f9800
RSI=0x0000000000000000 is an unknown value
RDI=0x000000000880e610 is pointing into the stack for thread: 0x00000000070f9800
R8 =0x000000000d3bdb48 is an unknown value
R9 =0x000000000880b210 is pointing into the stack for thread: 0x00000000070f9800
R10=0x000000000000000c is an unknown value
R11=0x0000000000000008 is an unknown value
R12=0x0000000000000008 is an unknown value
R13=0x000000000d3c4280 is an unknown value
R14=0x0000000000000001 is an unknown value
R15=0x000000000880ba80 is pointing into the stack for thread: 0x00000000070f9800


Stack: [0x0000000008710000,0x0000000008810000],  sp=0x000000000880b160,  free space=1004k
Native frames: (J=compiled Java code, j=interpreted, Vv=VM code, C=native code)
V  [jvm.dll+0x4954a5]
V  [jvm.dll+0x49ff1c]
V  [jvm.dll+0x4a015b]
V  [jvm.dll+0x4a00d6]
V  [jvm.dll+0x4a00d6]
V  [jvm.dll+0x4a01a7]
V  [jvm.dll+0x4a01a7]
V  [jvm.dll+0x4a01a7]
V  [jvm.dll+0x4a01a7]
V  [jvm.dll+0x4a01a7]
V  [jvm.dll+0x4a01a7]
V  [jvm.dll+0x4a00d6]
V  [jvm.dll+0x4a00d6]
V  [jvm.dll+0x4a00d6]
V  [jvm.dll+0x4a01a7]
V  [jvm.dll+0x4a01a7]
V  [jvm.dll+0x4a01a7]
V  [jvm.dll+0x48dfc2]
V  [jvm.dll+0x43edb9]
V  [jvm.dll+0x43fef2]
V  [jvm.dll+0x423242]
V  [jvm.dll+0x80b29]
V  [jvm.dll+0x8145f]
V  [jvm.dll+0x21be7f]
V  [jvm.dll+0x26c13a]
C  [msvcr100.dll+0x21d9f]
C  [msvcr100.dll+0x21e3b]
C  [KERNEL32.DLL+0x167e]
C  [ntdll.dll+0x1c3f1]


Current CompileTask:
C2:5300316 18637   !   4       org.gradle.api.internal.AbstractClassGenerator::generateUnderLock (1055 bytes)


---------------  P R O C E S S  ---------------

Java Threads: ( => current thread )
  0x000000000cdd7000 JavaThread "Stdin handler" [_thread_blocked, id=577036, stack(0x00000000205b0000,0x00000000206b0000)]
  0x000000000cdd0800 JavaThread "Asynchronous log dispatcher for DefaultDaemonConnection: socket connection from /127.0.0.1:53092 to /127.0.0.1:53879" [_thread_blocked, id=627636, stack(0x000000000b5c0000,0x000000000b6c0000)]
  0x000000000cdd5000 JavaThread "Daemon worker Thread 8" [_thread_blocked, id=642096, stack(0x000000000b4c0000,0x000000000b5c0000)]
  0x000000000cdd2000 JavaThread "Cancel handler" [_thread_blocked, id=639752, stack(0x000000000b3c0000,0x000000000b4c0000)]
  0x000000000cdd4000 JavaThread "Handler for socket connection from /127.0.0.1:53092 to /127.0.0.1:53879" [_thread_in_native, id=639780, stack(0x000000000afc0000,0x000000000b0c0000)]
  0x000000000cdd6800 JavaThread "Daemon Thread 8" [_thread_blocked, id=627644, stack(0x000000000a7e0000,0x000000000a8e0000)]
  0x000000000d6a8000 JavaThread "pool-9-thread-4" [_thread_blocked, id=201432, stack(0x0000000022300000,0x0000000022400000)]
  0x000000000d6af000 JavaThread "pool-9-thread-3" [_thread_blocked, id=196992, stack(0x0000000022200000,0x0000000022300000)]
  0x000000000a2cd800 JavaThread "pool-9-thread-2" [_thread_blocked, id=773408, stack(0x0000000022100000,0x0000000022200000)]
  0x000000000c06c800 JavaThread "pool-9-thread-1" [_thread_blocked, id=767736, stack(0x0000000021ac0000,0x0000000021bc0000)]
  0x000000000a2cf800 JavaThread "pool-2-thread-1" [_thread_blocked, id=138700, stack(0x000000000c990000,0x000000000ca90000)]
  0x0000000009457800 JavaThread "File lock request listener" [_thread_in_native, id=141032, stack(0x000000000c890000,0x000000000c990000)]
  0x0000000009ba4000 JavaThread "pool-1-thread-1" [_thread_blocked, id=127772, stack(0x000000000b2c0000,0x000000000b3c0000)]
  0x0000000009be2000 JavaThread "Incoming local TCP Connector on port 53092" [_thread_in_native, id=127448, stack(0x000000000aae0000,0x000000000abe0000)]
  0x0000000008a35000 JavaThread "Service Thread" daemon [_thread_blocked, id=128132, stack(0x0000000008e10000,0x0000000008f10000)]
  0x00000000070f3000 JavaThread "C1 CompilerThread2" daemon [_thread_blocked, id=125972, stack(0x0000000008910000,0x0000000008a10000)]
  0x00000000070ea000 JavaThread "C2 CompilerThread1" daemon [_thread_blocked, id=1371676, stack(0x0000000008810000,0x0000000008910000)]
=>0x00000000070f9800 JavaThread "C2 CompilerThread0" daemon [_thread_in_native, id=1371672, stack(0x0000000008710000,0x0000000008810000)]
  0x00000000070f8000 JavaThread "Attach Listener" daemon [_thread_blocked, id=1360220, stack(0x0000000008610000,0x0000000008710000)]
  0x00000000070f6800 JavaThread "Signal Dispatcher" daemon [_thread_blocked, id=1340644, stack(0x0000000008510000,0x0000000008610000)]
  0x000000000277c800 JavaThread "Finalizer" daemon [_thread_blocked, id=1340652, stack(0x0000000008340000,0x0000000008440000)]
  0x0000000002771800 JavaThread "Reference Handler" daemon [_thread_blocked, id=126392, stack(0x0000000008240000,0x0000000008340000)]
  0x0000000002682800 JavaThread "main" [_thread_blocked, id=127196, stack(0x00000000021f0000,0x00000000022f0000)]

Other Threads:
  0x00000000070b5800 VMThread [stack: 0x0000000008140000,0x0000000008240000] [id=1148244]
  0x0000000008a36800 WatcherThread [stack: 0x0000000008f10000,0x0000000009010000] [id=133864]

VM state:at safepoint (normal execution)

VM Mutex/Monitor currently owned by a thread:  ([mutex/lock_event])
[0x00000000020fcca0] Threads_lock - owner thread: 0x00000000070b5800
[0x00000000020fd4a0] Heap_lock - owner thread: 0x000000000cdd5000

Heap:
 PSYoungGen      total 298496K, used 298432K [0x00000000e0000000, 0x00000000f5400000, 0x0000000100000000)
  eden space 281600K, 100% used [0x00000000e0000000,0x00000000f1300000,0x00000000f1300000)
  from space 16896K, 99% used [0x00000000f1f80000,0x00000000f2ff00d8,0x00000000f3000000)
  to   space 33280K, 24% used [0x00000000f3380000,0x00000000f3b9c118,0x00000000f5400000)
 ParOldGen       total 108032K, used 62897K [0x00000000a0000000, 0x00000000a6980000, 0x00000000e0000000)
  object space 108032K, 58% used [0x00000000a0000000,0x00000000a3d6c4e0,0x00000000a6980000)
 Metaspace       used 78529K, capacity 82786K, committed 83032K, reserved 1122304K
  class space    used 10053K, capacity 10795K, committed 10880K, reserved 1048576K

Card table byte_map: [0x0000000002b40000,0x0000000002e50000] byte_map_base: 0x0000000002640000

Marking Bits: (ParMarkBitMap*) 0x00000000557c18f0
 Begin Bits: [0x0000000003450000, 0x0000000004c50000)
 End Bits:   [0x0000000004c50000, 0x0000000006450000)

Polling page: 0x0000000002120000

CodeCache: size=245760Kb used=49879Kb max_used=50927Kb free=195880Kb
 bounds [0x000000000f010000, 0x0000000012220000, 0x000000001e010000]
 total_blobs=15471 nmethods=14644 adapters=737
 compilation: enabled

Compilation events (10 events):
Event: 5296.670 Thread 0x00000000070f3000 18641       3       java.io.FilterInputStream::available (8 bytes)
Event: 5296.671 Thread 0x00000000070f3000 nmethod 18641 0x00000000120ea010 code [0x00000000120ea180, 0x00000000120ea3a8]
Event: 5296.681 Thread 0x00000000070ea000 18642       4       org.gradle.api.internal.artifacts.ivyservice.resolveengine.graph.DependencyGraphBuilder$ResolveState::getModule (51 bytes)
Event: 5296.736 Thread 0x00000000070ea000 nmethod 18642 0x000000001194ad10 code [0x000000001194af60, 0x000000001194c140]
Event: 5296.782 Thread 0x00000000070ea000 18643       4       org.gradle.internal.component.external.model.DefaultMavenModuleResolveMetadata::getStatusScheme (5 bytes)
Event: 5296.783 Thread 0x00000000070ea000 nmethod 18643 0x000000001053bf90 code [0x000000001053c0c0, 0x000000001053c118]
Event: 5296.828 Thread 0x00000000070f3000 18644       3       com.sun.org.apache.xerces.internal.util.XMLChar::isMarkup (24 bytes)
Event: 5296.829 Thread 0x00000000070f3000 nmethod 18644 0x000000001194a890 code [0x000000001194a9e0, 0x000000001194abf0]
Event: 5296.866 Thread 0x00000000070ea000 18645       4       org.gradle.internal.component.external.model.DefaultModuleComponentIdentifier::<init> (80 bytes)
Event: 5296.867 Thread 0x00000000070ea000 nmethod 18645 0x0000000010543f90 code [0x00000000105440c0, 0x0000000010544138]

GC Heap History (10 events):
Event: 2340.267 GC heap before
{Heap before GC invocations=20 (full 3):
 PSYoungGen      total 215552K, used 215268K [0x00000000e0000000, 0x00000000f4100000, 0x0000000100000000)
  eden space 203264K, 100% used [0x00000000e0000000,0x00000000ec680000,0x00000000ec680000)
  from space 12288K, 97% used [0x00000000f3500000,0x00000000f40b93d8,0x00000000f4100000)
  to   space 30208K, 0% used [0x00000000f0600000,0x00000000f0600000,0x00000000f2380000)
 ParOldGen       total 108032K, used 56031K [0x00000000a0000000, 0x00000000a6980000, 0x00000000e0000000)
  object space 108032K, 51% used [0x00000000a0000000,0x00000000a36b7fb0,0x00000000a6980000)
 Metaspace       used 70136K, capacity 73466K, committed 73688K, reserved 1114112K
  class space    used 9115K, capacity 9714K, committed 9728K, reserved 1048576K
Event: 2340.346 GC heap after
Heap after GC invocations=20 (full 3):
 PSYoungGen      total 204288K, used 9164K [0x00000000e0000000, 0x00000000f3580000, 0x0000000100000000)
  eden space 195072K, 0% used [0x00000000e0000000,0x00000000e0000000,0x00000000ebe80000)
  from space 9216K, 99% used [0x00000000f0600000,0x00000000f0ef3298,0x00000000f0f00000)
  to   space 29184K, 0% used [0x00000000f1900000,0x00000000f1900000,0x00000000f3580000)
 ParOldGen       total 108032K, used 56039K [0x00000000a0000000, 0x00000000a6980000, 0x00000000e0000000)
  object space 108032K, 51% used [0x00000000a0000000,0x00000000a36b9fb0,0x00000000a6980000)
 Metaspace       used 70136K, capacity 73466K, committed 73688K, reserved 1114112K
  class space    used 9115K, capacity 9714K, committed 9728K, reserved 1048576K
}
Event: 2345.410 GC heap before
{Heap before GC invocations=21 (full 3):
 PSYoungGen      total 204288K, used 204236K [0x00000000e0000000, 0x00000000f3580000, 0x0000000100000000)
  eden space 195072K, 100% used [0x00000000e0000000,0x00000000ebe80000,0x00000000ebe80000)
  from space 9216K, 99% used [0x00000000f0600000,0x00000000f0ef3298,0x00000000f0f00000)
  to   space 29184K, 0% used [0x00000000f1900000,0x00000000f1900000,0x00000000f3580000)
 ParOldGen       total 108032K, used 56039K [0x00000000a0000000, 0x00000000a6980000, 0x00000000e0000000)
  object space 108032K, 51% used [0x00000000a0000000,0x00000000a36b9fb0,0x00000000a6980000)
 Metaspace       used 70589K, capacity 73986K, committed 74200K, reserved 1114112K
  class space    used 9121K, capacity 9724K, committed 9728K, reserved 1048576K
Event: 2345.723 GC heap after
Heap after GC invocations=21 (full 3):
 PSYoungGen      total 272384K, used 28742K [0x00000000e0000000, 0x00000000f3580000, 0x0000000100000000)
  eden space 243200K, 0% used [0x00000000e0000000,0x00000000e0000000,0x00000000eed80000)
  from space 29184K, 98% used [0x00000000f1900000,0x00000000f3511af8,0x00000000f3580000)
  to   space 33280K, 0% used [0x00000000ef480000,0x00000000ef480000,0x00000000f1500000)
 ParOldGen       total 108032K, used 56047K [0x00000000a0000000, 0x00000000a6980000, 0x00000000e0000000)
  object space 108032K, 51% used [0x00000000a0000000,0x00000000a36bbfb0,0x00000000a6980000)
 Metaspace       used 70589K, capacity 73986K, committed 74200K, reserved 1114112K
  class space    used 9121K, capacity 9724K, committed 9728K, reserved 1048576K
}
Event: 2471.990 GC heap before
{Heap before GC invocations=22 (full 3):
 PSYoungGen      total 272384K, used 271942K [0x00000000e0000000, 0x00000000f3580000, 0x0000000100000000)
  eden space 243200K, 100% used [0x00000000e0000000,0x00000000eed80000,0x00000000eed80000)
  from space 29184K, 98% used [0x00000000f1900000,0x00000000f3511af8,0x00000000f3580000)
  to   space 33280K, 0% used [0x00000000ef480000,0x00000000ef480000,0x00000000f1500000)
 ParOldGen       total 108032K, used 56047K [0x00000000a0000000, 0x00000000a6980000, 0x00000000e0000000)
  object space 108032K, 51% used [0x00000000a0000000,0x00000000a36bbfb0,0x00000000a6980000)
 Metaspace       used 70879K, capacity 74526K, committed 74840K, reserved 1114112K
  class space    used 9165K, capacity 9796K, committed 9856K, reserved 1048576K
Event: 2472.036 GC heap after
Heap after GC invocations=22 (full 3):
 PSYoungGen      total 283648K, used 9225K [0x00000000e0000000, 0x00000000f6080000, 0x0000000100000000)
  eden space 250368K, 0% used [0x00000000e0000000,0x00000000e0000000,0x00000000ef480000)
  from space 33280K, 27% used [0x00000000ef480000,0x00000000efd82758,0x00000000f1500000)
  to   space 32256K, 0% used [0x00000000f4100000,0x00000000f4100000,0x00000000f6080000)
 ParOldGen       total 108032K, used 62086K [0x00000000a0000000, 0x00000000a6980000, 0x00000000e0000000)
  object space 108032K, 57% used [0x00000000a0000000,0x00000000a3ca1840,0x00000000a6980000)
 Metaspace       used 70879K, capacity 74526K, committed 74840K, reserved 1114112K
  class space    used 9165K, capacity 9796K, committed 9856K, reserved 1048576K
}
Event: 2477.084 GC heap before
{Heap before GC invocations=23 (full 3):
 PSYoungGen      total 283648K, used 256355K [0x00000000e0000000, 0x00000000f6080000, 0x0000000100000000)
  eden space 250368K, 98% used [0x00000000e0000000,0x00000000ef156560,0x00000000ef480000)
  from space 33280K, 27% used [0x00000000ef480000,0x00000000efd82758,0x00000000f1500000)
  to   space 32256K, 0% used [0x00000000f4100000,0x00000000f4100000,0x00000000f6080000)
 ParOldGen       total 108032K, used 62086K [0x00000000a0000000, 0x00000000a6980000, 0x00000000e0000000)
  object space 108032K, 57% used [0x00000000a0000000,0x00000000a3ca1840,0x00000000a6980000)
 Metaspace       used 71189K, capacity 75016K, committed 75096K, reserved 1114112K
  class space    used 9186K, capacity 9835K, committed 9856K, reserved 1048576K
Event: 2477.117 GC heap after
Heap after GC invocations=23 (full 3):
 PSYoungGen      total 326656K, used 24757K [0x00000000e0000000, 0x00000000f6a00000, 0x0000000100000000)
  eden space 294400K, 0% used [0x00000000e0000000,0x00000000e0000000,0x00000000f1f80000)
  from space 32256K, 76% used [0x00000000f4100000,0x00000000f592d560,0x00000000f6080000)
  to   space 34304K, 0% used [0x00000000f1f80000,0x00000000f1f80000,0x00000000f4100000)
 ParOldGen       total 108032K, used 62362K [0x00000000a0000000, 0x00000000a6980000, 0x00000000e0000000)
  object space 108032K, 57% used [0x00000000a0000000,0x00000000a3ce6850,0x00000000a6980000)
 Metaspace       used 71189K, capacity 75016K, committed 75096K, reserved 1114112K
  class space    used 9186K, capacity 9835K, committed 9856K, reserved 1048576K
}
Event: 3353.713 GC heap before
{Heap before GC invocations=24 (full 3):
 PSYoungGen      total 326656K, used 319157K [0x00000000e0000000, 0x00000000f6a00000, 0x0000000100000000)
  eden space 294400K, 100% used [0x00000000e0000000,0x00000000f1f80000,0x00000000f1f80000)
  from space 32256K, 76% used [0x00000000f4100000,0x00000000f592d560,0x00000000f6080000)
  to   space 34304K, 0% used [0x00000000f1f80000,0x00000000f1f80000,0x00000000f4100000)
 ParOldGen       total 108032K, used 62362K [0x00000000a0000000, 0x00000000a6980000, 0x00000000e0000000)
  object space 108032K, 57% used [0x00000000a0000000,0x00000000a3ce6850,0x00000000a6980000)
 Metaspace       used 77558K, capacity 81720K, committed 81880K, reserved 1120256K
  class space    used 9946K, capacity 10669K, committed 10752K, reserved 1048576K
Event: 3354.028 GC heap after
Heap after GC invocations=24 (full 3):
 PSYoungGen      total 298496K, used 16832K [0x00000000e0000000, 0x00000000f5400000, 0x0000000100000000)
  eden space 281600K, 0% used [0x00000000e0000000,0x00000000e0000000,0x00000000f1300000)
  from space 16896K, 99% used [0x00000000f1f80000,0x00000000f2ff00d8,0x00000000f3000000)
  to   space 33280K, 0% used [0x00000000f3380000,0x00000000f3380000,0x00000000f5400000)
 ParOldGen       total 108032K, used 62889K [0x00000000a0000000, 0x00000000a6980000, 0x00000000e0000000)
  object space 108032K, 58% used [0x00000000a0000000,0x00000000a3d6a4e0,0x00000000a6980000)
 Metaspace       used 77558K, capacity 81720K, committed 81880K, reserved 1120256K
  class space    used 9946K, capacity 10669K, committed 10752K, reserved 1048576K
}

Deoptimization events (10 events):
Event: 3404.412 Thread 0x000000000c06f800 Uncommon trap: reason=class_check action=maybe_recompile pc=0x0000000010b36ecc method=com.google.common.collect.AbstractMapBasedMultimap$AsMap$AsMapIterator.hasNext()Z @ 4
Event: 3404.412 Thread 0x000000000c06f800 Uncommon trap: reason=class_check action=maybe_recompile pc=0x0000000010b4f940 method=com.google.common.collect.AbstractMapBasedMultimap$AsMap$AsMapIterator.next()Ljava/util/Map$Entry; @ 4
Event: 3404.412 Thread 0x000000000c06f800 Uncommon trap: reason=class_check action=maybe_recompile pc=0x0000000010b36ecc method=com.google.common.collect.AbstractMapBasedMultimap$AsMap$AsMapIterator.hasNext()Z @ 4
Event: 3404.412 Thread 0x000000000c06f800 Uncommon trap: reason=class_check action=maybe_recompile pc=0x0000000010b4f940 method=com.google.common.collect.AbstractMapBasedMultimap$AsMap$AsMapIterator.next()Ljava/util/Map$Entry; @ 4
Event: 3404.412 Thread 0x000000000c06f800 Uncommon trap: reason=class_check action=maybe_recompile pc=0x0000000010b36ecc method=com.google.common.collect.AbstractMapBasedMultimap$AsMap$AsMapIterator.hasNext()Z @ 4
Event: 3404.412 Thread 0x000000000c06f800 Uncommon trap: reason=class_check action=maybe_recompile pc=0x0000000010b4f940 method=com.google.common.collect.AbstractMapBasedMultimap$AsMap$AsMapIterator.next()Ljava/util/Map$Entry; @ 4
Event: 3404.427 Thread 0x000000000c06f800 Uncommon trap: reason=class_check action=maybe_recompile pc=0x000000000fbffbb8 method=com.google.common.collect.RegularImmutableMap.<init>([Ljava/util/Map$Entry;)V @ 57
Event: 3404.429 Thread 0x000000000c06f800 Uncommon trap: reason=bimorphic action=maybe_recompile pc=0x00000000104ae694 method=java.io.Writer.append(Ljava/lang/CharSequence;)Ljava/io/Writer; @ 20
Event: 3404.461 Thread 0x000000000c06f800 Uncommon trap: reason=bimorphic action=maybe_recompile pc=0x00000000121d3a0c method=org.gradle.api.internal.changedetection.state.OutputFilesSnapshotter.isOutputEntry(Ljava/lang/String;Lorg/gradle/api/internal/changedetection/state/NormalizedFileSnapshot;LtﬂkMØ¥@
Event: 5295.497 Thread 0x000000000cdd5000 Uncommon trap: reason=unstable_if action=reinterpret pc=0x00000000120d5c5c method=sun.misc.URLClassPath$1.next()Z @ 56

Internal exceptions (10 events):
Event: 5294.813 Thread 0x000000000cdd5000 Exception <a 'java/lang/ClassNotFoundException': asLocalRepo1007_ehlxhf2tgd71m1l0qd1126ajtBeanInfo> (0x00000000ee9ff2f0) thrown at [C:\src\android\AOSP-openjdk\external\jetbrains\jdk\hotspot\src\share\vm\classfile\systemDictionary.cpp, line 210]
Event: 5294.815 Thread 0x000000000cdd5000 Exception <a 'java/lang/ClassNotFoundException': asLocalRepo1007_ehlxhf2tgd71m1l0qd1126ajtCustomizer> (0x00000000eea0aa38) thrown at [C:\src\android\AOSP-openjdk\external\jetbrains\jdk\hotspot\src\share\vm\classfile\systemDictionary.cpp, line 210]
Event: 5295.252 Thread 0x000000000cdd5000 Exception <a 'java/lang/ClassNotFoundException': ijinit3_7bqkkrw5jyucyj2sbue22gdi4BeanInfo> (0x00000000eeb1a7d8) thrown at [C:\src\android\AOSP-openjdk\external\jetbrains\jdk\hotspot\src\share\vm\classfile\systemDictionary.cpp, line 210]
Event: 5295.253 Thread 0x000000000cdd5000 Exception <a 'java/lang/ClassNotFoundException': ijinit3_7bqkkrw5jyucyj2sbue22gdi4Customizer> (0x00000000eeb24f68) thrown at [C:\src\android\AOSP-openjdk\external\jetbrains\jdk\hotspot\src\share\vm\classfile\systemDictionary.cpp, line 210]
Event: 5295.273 Thread 0x000000000cdd5000 Exception <a 'java/lang/ClassNotFoundException': ijinit3_7bqkkrw5jyucyj2sbue22gdi4$_run_closure1BeanInfo> (0x00000000eeba5bc0) thrown at [C:\src\android\AOSP-openjdk\external\jetbrains\jdk\hotspot\src\share\vm\classfile\systemDictionary.cpp, line 210]
Event: 5295.274 Thread 0x000000000cdd5000 Exception <a 'java/lang/ClassNotFoundException': ijinit3_7bqkkrw5jyucyj2sbue22gdi4$_run_closure1Customizer> (0x00000000eebab5e8) thrown at [C:\src\android\AOSP-openjdk\external\jetbrains\jdk\hotspot\src\share\vm\classfile\systemDictionary.cpp, line 210]
Event: 5295.495 Thread 0x000000000cdd5000 Exception <a 'java/lang/ClassNotFoundException': ijinit3_7bqkkrw5jyucyj2sbue22gdi4BeanInfo> (0x00000000eecb7488) thrown at [C:\src\android\AOSP-openjdk\external\jetbrains\jdk\hotspot\src\share\vm\classfile\systemDictionary.cpp, line 210]
Event: 5295.496 Thread 0x000000000cdd5000 Exception <a 'java/lang/ClassNotFoundException': ijinit3_7bqkkrw5jyucyj2sbue22gdi4Customizer> (0x00000000eecc1a30) thrown at [C:\src\android\AOSP-openjdk\external\jetbrains\jdk\hotspot\src\share\vm\classfile\systemDictionary.cpp, line 210]
Event: 5295.639 Thread 0x000000000cdd5000 Exception <a 'java/lang/ClassNotFoundException': JetGradlePluginBeanInfo> (0x00000000eedc98c8) thrown at [C:\src\android\AOSP-openjdk\external\jetbrains\jdk\hotspot\src\share\vm\classfile\systemDictionary.cpp, line 210]
Event: 5295.639 Thread 0x000000000cdd5000 Exception <a 'java/lang/ClassNotFoundException': JetGradlePluginCustomizer> (0x00000000eedd1278) thrown at [C:\src\android\AOSP-openjdk\external\jetbrains\jdk\hotspot\src\share\vm\classfile\systemDictionary.cpp, line 210]

Events (10 events):
Event: 5295.618 loading class groovy/runtime/metaclass/asLocalRepo1007_ehlxhf2tgd71m1l0qd1126ajt$_run_closure1$_closure3$_closure6MetaClass
Event: 5295.618 loading class groovy/runtime/metaclass/asLocalRepo1007_ehlxhf2tgd71m1l0qd1126ajt$_run_closure1$_closure3$_closure6MetaClass done
Event: 5295.624 loading class groovy/runtime/metaclass/JetGradlePluginMetaClass
Event: 5295.624 loading class groovy/runtime/metaclass/JetGradlePluginMetaClass done
Event: 5295.638 loading class JetGradlePluginBeanInfo
Event: 5295.638 loading class JetGradlePluginBeanInfo done
Event: 5295.639 loading class JetGradlePluginCustomizer
Event: 5295.639 loading class JetGradlePluginCustomizer done
Event: 5295.640 Executing VM operation: RevokeBias
Event: 5295.640 Executing VM operation: RevokeBias done


Dynamic libraries:
0x000007f69e760000 - 0x000007f69e791000 	C:\Program Files\Android\Android Studio1\jre\bin\java.exe
0x000007faa8c20000 - 0x000007faa8dde000 	C:\Windows\SYSTEM32\ntdll.dll
0x000007faa7220000 - 0x000007faa7356000 	C:\Windows\system32\KERNEL32.DLL
0x000007faa5c50000 - 0x000007faa5d43000 	C:\Windows\system32\KERNELBASE.dll
0x000007faa6970000 - 0x000007faa6a4e000 	C:\Windows\system32\ADVAPI32.dll
0x000007faa6d90000 - 0x000007faa6edc000 	C:\Windows\system32\USER32.dll
0x000007faa3aa0000 - 0x000007faa3d09000 	C:\Windows\WinSxS\amd64_microsoft.windows.common-controls_6595b64144ccf1df_6.0.9200.16384_none_418c2a697189c07f\COMCTL32.dll
0x000007faa6ef0000 - 0x000007faa6f95000 	C:\Windows\system32\msvcrt.dll
0x000007faa6c10000 - 0x000007faa6c58000 	C:\Windows\SYSTEM32\sechost.dll
0x000007faa8a40000 - 0x000007faa8b80000 	C:\Windows\system32\RPCRT4.dll
0x000007faa67f0000 - 0x000007faa6930000 	C:\Windows\system32\GDI32.dll
0x000007faa6930000 - 0x000007faa6969000 	C:\Windows\system32\IMM32.DLL
0x000007faa61f0000 - 0x000007faa6304000 	C:\Windows\system32\MSCTF.dll
0x000007faa5a20000 - 0x000007faa5a60000 	C:\Windows\system32\nvinitx.dll
0x000000000f000000 - 0x000000000f006000 	C:\Program Files\NVIDIA Corporation\CoProcManager\detoured.dll
0x000007faa2090000 - 0x000007faa20e6000 	C:\Program Files\NVIDIA Corporation\CoProcManager\nvd3d9wrapx.dll
0x000007faa86d0000 - 0x000007faa88a0000 	C:\Windows\system32\SETUPAPI.dll
0x000007faa5fe0000 - 0x000007faa602f000 	C:\Windows\system32\CFGMGR32.dll
0x000007faa5c20000 - 0x000007faa5c42000 	C:\Windows\system32\DEVOBJ.dll
0x000007faa21a0000 - 0x000007faa21dd000 	C:\Program Files\NVIDIA Corporation\CoProcManager\nvdxgiwrapx.dll
0x0000000056220000 - 0x00000000562f2000 	C:\Program Files\Android\Android Studio1\jre\jre\bin\msvcr100.dll
0x0000000055000000 - 0x000000005583c000 	C:\Program Files\Android\Android Studio1\jre\jre\bin\server\jvm.dll
0x000007fa9f790000 - 0x000007fa9f799000 	C:\Windows\SYSTEM32\WSOCK32.dll
0x000007fa9c1a0000 - 0x000007fa9c1c0000 	C:\Windows\SYSTEM32\WINMM.dll
0x000007faa24c0000 - 0x000007faa24c9000 	C:\Windows\SYSTEM32\VERSION.dll
0x000007faa6a50000 - 0x000007faa6a57000 	C:\Windows\system32\PSAPI.DLL
0x000007faa6790000 - 0x000007faa67e8000 	C:\Windows\system32\WS2_32.dll
0x000007fa9b6c0000 - 0x000007fa9b6f2000 	C:\Windows\SYSTEM32\WINMMBASE.dll
0x000007faa6ee0000 - 0x000007faa6ee9000 	C:\Windows\system32\NSI.dll
0x000007faa27d0000 - 0x000007faa27df000 	C:\Program Files\Android\Android Studio1\jre\jre\bin\verify.dll
0x000007faa26a0000 - 0x000007faa26c9000 	C:\Program Files\Android\Android Studio1\jre\jre\bin\java.dll
0x000007faa1f40000 - 0x000007faa1f56000 	C:\Program Files\Android\Android Studio1\jre\jre\bin\zip.dll
0x000007faa73d0000 - 0x000007faa86b5000 	C:\Windows\system32\SHELL32.dll
0x000007faa6a60000 - 0x000007faa6c10000 	C:\Windows\SYSTEM32\combase.dll
0x000007faa6d30000 - 0x000007faa6d80000 	C:\Windows\system32\SHLWAPI.dll
0x000007faa44a0000 - 0x000007faa4536000 	C:\Windows\SYSTEM32\SHCORE.dll
0x000007faa5b50000 - 0x000007faa5b65000 	C:\Windows\SYSTEM32\profapi.dll
0x000007faa1f20000 - 0x000007faa1f3a000 	C:\Program Files\Android\Android Studio1\jre\jre\bin\net.dll
0x000007faa5360000 - 0x000007faa53bc000 	C:\Windows\system32\mswsock.dll
0x000007faa0e60000 - 0x000007faa0e71000 	C:\Program Files\Android\Android Studio1\jre\jre\bin\nio.dll
0x000007fa9f670000 - 0x000007fa9f68e000 	C:\Users\Daneswara Jauhari\.gradle\native\23\windows-amd64\native-platform.dll
0x000007faa53c0000 - 0x000007faa53da000 	C:\Windows\SYSTEM32\CRYPTSP.dll
0x000007faa5040000 - 0x000007faa5089000 	C:\Windows\system32\rsaenh.dll
0x000007faa5140000 - 0x000007faa515f000 	C:\Windows\SYSTEM32\USERENV.dll
0x000007faa5950000 - 0x000007faa595a000 	C:\Windows\SYSTEM32\CRYPTBASE.dll
0x000007faa58f0000 - 0x000007faa594c000 	C:\Windows\SYSTEM32\bcryptPrimitives.dll
0x000007faa0860000 - 0x000007faa088c000 	C:\Windows\SYSTEM32\IPHLPAPI.DLL
0x000007faa0850000 - 0x000007faa085a000 	C:\Windows\SYSTEM32\WINNSI.DLL
0x000007faa0370000 - 0x000007faa0383000 	C:\Windows\SYSTEM32\dhcpcsvc6.DLL
0x000007faa0350000 - 0x000007faa0368000 	C:\Windows\SYSTEM32\dhcpcsvc.DLL
0x000007faa2780000 - 0x000007faa278d000 	C:\Program Files\Android\Android Studio1\jre\jre\bin\management.dll
0x000007fa9cb30000 - 0x000007fa9cb54000 	C:\Program Files\Android\Android Studio1\jre\jre\bin\sunec.dll
0x000007faa51a0000 - 0x000007faa5238000 	C:\Windows\SYSTEM32\DNSAPI.dll
0x000007fa9f1a0000 - 0x000007fa9f1a8000 	C:\Windows\System32\rasadhlp.dll
0x000007fa9fdf0000 - 0x000007fa9fe4f000 	C:\Windows\System32\fwpuclnt.dll
0x000007fa9e700000 - 0x000007fa9e70b000 	C:\Program Files\Android\Android Studio1\jre\jre\bin\sunmscapi.dll
0x000007faa5e00000 - 0x000007faa5fd7000 	C:\Windows\system32\CRYPT32.dll
0x0000000002320000 - 0x0000000002336000 	C:\Windows\system32\MSASN1.dll
0x000007fa9c3a0000 - 0x000007fa9c503000 	C:\Windows\SYSTEM32\dbghelp.dll

VM Arguments:
jvm_args: -Xmx1536m -Dfile.encoding=windows-1252 -Duser.country=US -Duser.language=en -Duser.variant 
java_command: org.gradle.launcher.daemon.bootstrap.GradleDaemon 3.3
java_class_path (initial): C:\Users\Daneswara Jauhari\.gradle\wrapper\dists\gradle-3.3-all\55gk2rcmfc6p2dg9u9ohc3hw9\gradle-3.3\lib\gradle-launcher-3.3.jar
Launcher Type: SUN_STANDARD

Environment Variables:
CLASSPATH=.;C:\Program Files (x86)\Java\jre7\lib\ext\QTJava.zip
PATH=C:\ProgramData\Oracle\Java\javapath;C:\Program Files (x86)\Common Files\Intel\Shared Files\cpp\bin\Intel64;C:\Python27\Lib\site-packages\PyQt4;C:\Program Files (x86)\NVIDIA Corporation\PhysX\Common;C:\Program Files (x86)\Intel\iCLS Client\;C:\Program Files\Intel\iCLS Client\;C:\Windows\system32;C:\Windows;C:\Windows\System32\Wbem;C:\Windows\System32\WindowsPowerShell\v1.0\;C:\Program Files\Intel\Intel(R) Management Engine Components\DAL;C:\Program Files\Intel\Intel(R) Management Engine Components\IPT;C:\Program Files (x86)\Intel\Intel(R) Management Engine Components\DAL;C:\Program Files (x86)\Intel\Intel(R) Management Engine Components\IPT;C:\Program Files (x86)\Intel\OpenCL SDK\2.0\bin\x86;C:\Program Files (x86)\Intel\OpenCL SDK\2.0\bin\x64;C:\Program Files\Microsoft\Web Platform Installer\;C:\Program Files\Microsoft SQL Server\110\Tools\Binn\;C:\cygwin64\bin;C:\Program Files\ibm\gsk8\lib64;C:\Program Files (x86)\ibm\gsk8\lib;F:\xamp\php;C:\ProgramData\ComposerSetup\bin;C:\Program Files (x86)\Universal Extractor;C:\Program Files (x86)\Universal Extractor\bin;C:\Program Files (x86)\GNU\GnuPG\pub;C:\Program Files\nodejs\;C:\Program Files\OpenVPN\bin;C:\Program Files\Git\cmd;C:\Windows\system32\config\systemprofile\.dnx\bin;C:\Program Files\Microsoft DNX\Dnvm\;C:\Program Files\Microsoft SQL Server\130\Tools\Binn\;C:\Program Files (x86)\QuickTime\QTSystem\;C:\Program Files\MATLAB\MATLAB Production Server\R2015a\runtime\win64;C:\Program Files\MATLAB\MATLAB Production Server\R2015a\bin;C:\Program Files\MATLAB\MATLAB Production Server\R2015a\polyspace\bin;C:\Program Files\Java\jdk1.7.0_40\bin;C:\Program Files\apache-ant-1.9.4\bin;C:\Program Files\adt-bundle-windows-x86_64-20130917\sdk\platform-tools;C:\Program Files\adt-bundle-windows-x86_64-20130917\sdk\tools;C:\Python27;C:\Python27\Lib\site-packages\;C:\Python27\Scripts\;c:\python27;c:\python27\Scripts;C:\Program Files (x86)\GNU\GnuPG;C:\Users\Daneswara Jauhari\AppData\Roaming\npm
USERNAME=Daneswara Jauhari
OS=Windows_NT
PROCESSOR_IDENTIFIER=Intel64 Family 6 Model 58 Stepping 9, GenuineIntel



---------------  S Y S T E M  ---------------

OS: Windows 8 , 64 bit Build 9200 (6.2.9200.16384)

CPU:total 4 (2 cores per cpu, 2 threads per core) family 6 model 58 stepping 9, cmov, cx8, fxsr, mmx, sse, sse2, sse3, ssse3, sse4.1, sse4.2, popcnt, avx, clmul, erms, ht, tsc, tscinvbit, tscinv

Memory: 4k page, physical 4077144k(463136k free), swap 5983380k(1054532k free)

vm_info: OpenJDK 64-Bit Server VM (25.112-b06) for windows-amd64 JRE (1.8.0_112-release-b06), built on Dec  8 2016 00:54:26 by "builder" with MS VC++ 10.0 (VS2010)

time: Sun Aug 06 19:57:03 2017
elapsed time: 5298 seconds (0d 1h 28m 18s)

